<?xml version="1.0" encoding="UTF-8"?>
<testsuite name="com.learn.vertx.udemy.vertx_starter.json.JsonObjectExample" tests="4" skipped="0" failures="0" errors="0" timestamp="2024-03-22T22:22:55" hostname="DESKTOP-4DPPT9A" time="0.641">
  <properties/>
  <testcase name="jsonObjectCanBeMapped()" classname="com.learn.vertx.udemy.vertx_starter.json.JsonObjectExample" time="0.5"/>
  <testcase name="jsonObjectCanBeCreatedFromMap()" classname="com.learn.vertx.udemy.vertx_starter.json.JsonObjectExample" time="0.001"/>
  <testcase name="canMapJavaObjects()" classname="com.learn.vertx.udemy.vertx_starter.json.JsonObjectExample" time="0.131"/>
  <testcase name="jsonArrayCanBeMapped()" classname="com.learn.vertx.udemy.vertx_starter.json.JsonObjectExample" time="0.003"/>
  <system-out><![CDATA[]]></system-out>
  <system-err><![CDATA[]]></system-err>
</testsuite>
