<?xml version="1.0" encoding="UTF-8"?>
<testsuite name="com.learn.vertx.udemy.vertx_starter.json.JsonObjectExample" tests="1" skipped="0" failures="0" errors="0" timestamp="2024-03-21T03:03:58" hostname="DESKTOP-4DPPT9A" time="0.033">
  <properties/>
  <testcase name="jsonObjectCanBeCreatedFromMap()" classname="com.learn.vertx.udemy.vertx_starter.json.JsonObjectExample" time="0.033"/>
  <system-out><![CDATA[]]></system-out>
  <system-err><![CDATA[]]></system-err>
</testsuite>
